Arguments: 
  /usr/local/bin/node /usr/local/bin/yarn add ReactApexChart

PATH: 
  /usr/local/bin:/usr/bin:/bin:/usr/sbin:/sbin

Yarn version: 
  1.22.17

Node version: 
  14.15.0

Platform: 
  darwin x64

Trace: 
  Error: https://registry.yarnpkg.com/ReactApexChart: Not found
      at Request.params.callback [as _callback] (/usr/local/lib/node_modules/yarn/lib/cli.js:67029:18)
      at Request.self.callback (/usr/local/lib/node_modules/yarn/lib/cli.js:140883:22)
      at Request.emit (events.js:315:20)
      at Request.<anonymous> (/usr/local/lib/node_modules/yarn/lib/cli.js:141855:10)
      at Request.emit (events.js:315:20)
      at IncomingMessage.<anonymous> (/usr/local/lib/node_modules/yarn/lib/cli.js:141777:12)
      at Object.onceWrapper (events.js:421:28)
      at IncomingMessage.emit (events.js:327:22)
      at endReadableNT (_stream_readable.js:1327:12)
      at processTicksAndRejections (internal/process/task_queues.js:80:21)

npm manifest: 
  {
    "name": "my-app",
    "version": "0.1.0",
    "private": true,
    "dependencies": {
      "@brainhubeu/react-file-input": "^0.9.20",
      "@emotion/react": "^11.5.0",
      "@emotion/styled": "^11.3.0",
      "@testing-library/jest-dom": "^4.2.4",
      "@testing-library/react": "^9.5.0",
      "@testing-library/user-event": "^7.2.1",
      "@types/jest": "^24.9.1",
      "@types/node": "^12.12.58",
      "@types/react": "^16.9.49",
      "@types/react-dom": "^16.9.8",
      "@types/react-router-dom": "^5.1.5",
      "animate.css": "^4.1.1",
      "aos": "^2.3.4",
      "apexcharts": "^3.26.3",
      "axios": "^0.21.1",
      "bootstrap": "^4.5.2",
      "browserslist": "^4.14.2",
      "flutterwave-react-v3": "^1.0.9",
      "font-awesome": "^4.7.0",
      "google-map-react": "^2.1.9",
      "moment": "^2.28.0",
      "react": "^16.0.0",
      "react-accessible-accordion": "^3.3.5",
      "react-animated-text-builders": "^1.1.0",
      "react-bootstrap": "^1.3.0",
      "react-bootstrap-range-slider": "^0.3.8",
      "react-calendar": "^3.1.0",
      "react-cv": "^1.2.0",
      "react-dom": "^17.0.0",
      "react-google-charts": "^3.0.15",
      "react-helmet": "^6.1.0",
      "react-redux": "^7.2.1",
      "react-router-dom": "^5.2.0",
      "react-router-hash-link": "^2.4.3",
      "react-scripts": "^4.0.3",
      "react-simple-charts": "0.0.19",
      "react-simple-sidenav": "^2.0.0",
      "react-slick": "^0.28.1",
      "react-star-rating-component": "^1.4.1",
      "react-text-transition": "^1.3.0",
      "react-to-pdf": "0.0.13",
      "react-toastify": "^5.5.0",
      "react-youtube": "^7.13.1",
      "slick-carousel": "^1.8.1",
      "styled-components": "^5.3.0",
      "sweetalert2": "^11.0.17",
      "sweetalert2-react-content": "^4.0.1",
      "typescript": "^3.9.7"
    },
    "scripts": {
      "start": "react-scripts start -p 1234",
      "build": "react-scripts build",
      "test": "react-scripts test",
      "eject": "react-scripts eject",
      "staging": "node server.js"
    },
    "eslintConfig": {
      "extends": "react-app"
    },
    "browserslist": {
      "production": [
        ">0.2%",
        "not dead",
        "not op_mini all"
      ],
      "development": [
        "last 1 chrome version",
        "last 1 firefox version",
        "last 1 safari version"
      ]
    },
    "devDependencies": {
      "redux-devtools": "^3.7.0",
      "tslint": "^6.1.3"
    }
  }

yarn manifest: 
  No manifest

Lockfile: 
  No lockfile
